
=== Sat Apr 26 13:46:51 2025

Packages were changed.
Update Mode: mergeDefaultDependencies

The following packages were added:
  com.unity.modules.ai@1.0.0
  com.unity.modules.androidjni@1.0.0
  com.unity.modules.animation@1.0.0
  com.unity.modules.assetbundle@1.0.0
  com.unity.modules.audio@1.0.0
  com.unity.modules.cloth@1.0.0
  com.unity.modules.director@1.0.0
  com.unity.modules.imageconversion@1.0.0
  com.unity.modules.imgui@1.0.0
  com.unity.modules.jsonserialize@1.0.0
  com.unity.modules.particlesystem@1.0.0
  com.unity.modules.physics@1.0.0
  com.unity.modules.physics2d@1.0.0
  com.unity.modules.screencapture@1.0.0
  com.unity.modules.terrain@1.0.0
  com.unity.modules.terrainphysics@1.0.0
  com.unity.modules.tilemap@1.0.0
  com.unity.modules.ui@1.0.0
  com.unity.modules.uielements@1.0.0
  com.unity.modules.umbra@1.0.0
  com.unity.modules.unityanalytics@1.0.0
  com.unity.modules.unitywebrequest@1.0.0
  com.unity.modules.unitywebrequestassetbundle@1.0.0
  com.unity.modules.unitywebrequestaudio@1.0.0
  com.unity.modules.unitywebrequesttexture@1.0.0
  com.unity.modules.unitywebrequestwww@1.0.0
  com.unity.modules.vehicles@1.0.0
  com.unity.modules.video@1.0.0
  com.unity.modules.vr@1.0.0
  com.unity.modules.wind@1.0.0
  com.unity.modules.xr@1.0.0
The following packages were updated:
  com.unity.collab-proxy from version 1.13.5 to 2.2.0
  com.unity.timeline from version 1.6.2 to 1.7.6
  com.unity.visualscripting from version 1.7.6 to 1.9.1

=== Sat Apr 26 21:57:56 2025

Packages were changed.
Update Mode: updateDependencies

The following packages were updated:
  com.unity.burst from version 1.8.4 to 1.8.11
  com.unity.ide.rider from version 3.0.21 to 3.0.27
  com.unity.ide.visualstudio from version 2.0.18 to 2.0.22
  com.unity.inputsystem from version 1.5.1 to 1.7.0
  com.unity.render-pipelines.core from version 14.0.7 to 14.0.9
  com.unity.render-pipelines.universal from version 14.0.7 to 14.0.9
  com.unity.shadergraph from version 14.0.7 to 14.0.9
  com.unity.timeline from version 1.7.4 to 1.7.6
  com.unity.visualscripting from version 1.8.0 to 1.9.1

=== Sat Apr 26 21:57:56 2025

Packages were changed.
Update Mode: mergeDefaultDependencies

The following packages were added:
  com.unity.burst@1.8.11
  com.unity.cinemachine@2.9.5
  com.unity.ext.nunit@1.0.6
  com.unity.ide.rider@3.0.27
  com.unity.ide.visualstudio@2.0.22
  com.unity.ide.vscode@1.2.5
  com.unity.inputsystem@1.7.0
  com.unity.mathematics@1.2.6
  com.unity.render-pipelines.core@14.0.9
  com.unity.render-pipelines.universal@14.0.9
  com.unity.searcher@4.9.2
  com.unity.shadergraph@14.0.9
  com.unity.test-framework@1.1.33
  com.unity.modules.subsystems@1.0.0

=== Sat Apr 26 22:06:09 2025

Packages were changed.
Update Mode: updateDependencies

The following packages were updated:
  com.unity.burst from version 1.8.4 to 1.8.11
  com.unity.ide.rider from version 3.0.21 to 3.0.27
  com.unity.ide.visualstudio from version 2.0.18 to 2.0.22
  com.unity.inputsystem from version 1.5.1 to 1.7.0
  com.unity.render-pipelines.core from version 14.0.7 to 14.0.9
  com.unity.render-pipelines.universal from version 14.0.7 to 14.0.9
  com.unity.shadergraph from version 14.0.7 to 14.0.9
  com.unity.timeline from version 1.7.4 to 1.7.6
  com.unity.visualscripting from version 1.8.0 to 1.9.1

=== Sun Apr 27 04:38:13 2025

Packages were changed.
Update Mode: updateDependencies

The following packages were updated:
  com.unity.collab-proxy from version 1.13.5 to 2.2.0
  com.unity.ide.rider from version 2.0.7 to 3.0.27
  com.unity.ide.visualstudio from version 2.0.11 to 2.0.22
  com.unity.ide.vscode from version 1.2.4 to 1.2.5
  com.unity.recorder from version 2.5.7 to 4.0.2
  com.unity.render-pipelines.universal from version 10.7.0 to 14.0.9
  com.unity.test-framework from version 1.1.29 to 1.1.33
  com.unity.timeline from version 1.4.8 to 1.7.6

=== Sun Apr 27 04:38:13 2025

Packages were changed.
Update Mode: mergeDefaultDependencies

The following packages were added:
  com.unity.recorder@4.0.2

=== Sun Apr 27 12:38:24 2025

Packages were changed.
Update Mode: updateDependencies

The following packages were added:
  com.unity.2d.sprite@1.0.0
  com.unity.2d.tilemap@1.0.0
  com.unity.ads@4.4.2
  com.unity.analytics@3.8.1
  com.unity.purchasing@4.9.3
  com.unity.xr.legacyinputhelpers@2.1.10
  com.unity.ai.navigation@1.1.5
